<?xml version="1.0" encoding="UTF-8"?>
<!-- Generated by org.testng.reporters.JUnitReportReporter -->
<testsuite hostname="LAPTOP-PK9A0DUV" failures="0" tests="1" name="com.WebDemoShopTestNG.testCases.TC_Registration_001" time="12.034" errors="0" timestamp="2024-03-30T11:59:03 EDT" skipped="0">
  <testcase classname="com.WebDemoShopTestNG.testCases.TC_Registration_001" name="newRegistration" time="12.034"/>
</testsuite> <!-- com.WebDemoShopTestNG.testCases.TC_Registration_001 -->
