<?xml version="1.0" encoding="UTF-8"?>
<!-- Generated by org.testng.reporters.JUnitReportReporter -->
<testsuite hostname="LAPTOP-PK9A0DUV" failures="0" tests="1" name="com.WebDemoShopTestNG.testCases.TC_PurchaseBooks_001" time="51.429" errors="0" timestamp="2024-03-30T11:59:03 EDT" skipped="0">
  <testcase classname="com.WebDemoShopTestNG.testCases.TC_PurchaseBooks_001" name="e2eBookPurchase" time="51.429"/>
</testsuite> <!-- com.WebDemoShopTestNG.testCases.TC_PurchaseBooks_001 -->
