<?xml version="1.0" encoding="UTF-8"?>
<!-- Generated by org.testng.reporters.JUnitReportReporter -->
<testsuite hostname="LAPTOP-PK9A0DUV" failures="0" tests="1" name="com.WebDemoShopTestNG.testCases.TC_Registration_001" time="9.789" errors="0" timestamp="2024-03-29T10:43:06 EDT" skipped="0">
  <testcase classname="com.WebDemoShopTestNG.testCases.TC_Registration_001" name="newRegistration" time="9.789"/>
</testsuite> <!-- com.WebDemoShopTestNG.testCases.TC_Registration_001 -->
