<?xml version="1.0" encoding="UTF-8"?>
<!-- Generated by org.testng.reporters.JUnitReportReporter -->
<testsuite hostname="LAPTOP-PK9A0DUV" failures="0" tests="2" name="com.WebDemoShopTestNG.testCases.TC_Login_001" time="5.255" errors="0" timestamp="2024-03-29T10:43:06 EDT" skipped="0">
  <testcase classname="com.WebDemoShopTestNG.testCases.TC_Login_001" name="loginTest" time="5.198"/>
  <testcase classname="com.WebDemoShopTestNG.testCases.TC_Login_001" name="catagoryList" time="0.057"/>
</testsuite> <!-- com.WebDemoShopTestNG.testCases.TC_Login_001 -->
